2023-06-05 10:17:12.422 [main] INFO  com.myng.Application - Starting Application on LAPTOP-2NBJ6FCH with PID 14612 (C:\Users\miko\IdeaProjects\MyJavaAutoTest\part7-TestNGMyBatis\target\classes started by miko in C:\Users\miko\IdeaProjects\MyJavaAutoTest)
2023-06-05 10:17:12.438 [main] INFO  com.myng.Application - No active profile set, falling back to default profiles: default
2023-06-05 10:17:12.483 [main] INFO  o.s.boot.context.embedded.AnnotationConfigEmbeddedWebApplicationContext - Refreshing org.springframework.boot.context.embedded.AnnotationConfigEmbeddedWebApplicationContext@223d2c72: startup date [Mon Jun 05 10:17:12 CST 2023]; root of context hierarchy
2023-06-05 10:17:13.275 [main] WARN  org.mybatis.spring.mapper.ClassPathMapperScanner - No MyBatis mapper was found in '[com.myng]' package. Please check your configuration.
2023-06-05 10:17:13.542 [main] INFO  o.s.context.support.PostProcessorRegistrationDelegate$BeanPostProcessorChecker - Bean 'org.springframework.transaction.annotation.ProxyTransactionManagementConfiguration' of type [org.springframework.transaction.annotation.ProxyTransactionManagementConfiguration$$EnhancerBySpringCGLIB$$40a4a1b4] is not eligible for getting processed by all BeanPostProcessors (for example: not eligible for auto-proxying)
2023-06-05 10:17:13.717 [main] INFO  org.springframework.boot.context.embedded.tomcat.TomcatEmbeddedServletContainer - Tomcat initialized with port(s): 8894 (http)
2023-06-05 10:17:13.723 [main] INFO  org.apache.catalina.core.StandardService - Starting service Tomcat
2023-06-05 10:17:13.724 [main] INFO  org.apache.catalina.core.StandardEngine - Starting Servlet Engine: Apache Tomcat/8.5.14
2023-06-05 10:17:13.823 [localhost-startStop-1] INFO  org.apache.catalina.core.ContainerBase.[Tomcat].[localhost].[/] - Initializing Spring embedded WebApplicationContext
2023-06-05 10:17:13.823 [localhost-startStop-1] INFO  org.springframework.web.context.ContextLoader - Root WebApplicationContext: initialization completed in 1340 ms
2023-06-05 10:17:13.939 [localhost-startStop-1] INFO  org.springframework.boot.web.servlet.ServletRegistrationBean - Mapping servlet: 'dispatcherServlet' to [/]
2023-06-05 10:17:13.942 [localhost-startStop-1] INFO  org.springframework.boot.web.servlet.FilterRegistrationBean - Mapping filter: 'characterEncodingFilter' to: [/*]
2023-06-05 10:17:13.942 [localhost-startStop-1] INFO  org.springframework.boot.web.servlet.FilterRegistrationBean - Mapping filter: 'hiddenHttpMethodFilter' to: [/*]
2023-06-05 10:17:13.942 [localhost-startStop-1] INFO  org.springframework.boot.web.servlet.FilterRegistrationBean - Mapping filter: 'httpPutFormContentFilter' to: [/*]
2023-06-05 10:17:13.942 [localhost-startStop-1] INFO  org.springframework.boot.web.servlet.FilterRegistrationBean - Mapping filter: 'requestContextFilter' to: [/*]
2023-06-05 10:17:14.606 [main] INFO  o.springframework.web.servlet.mvc.method.annotation.RequestMappingHandlerMapping - Mapped "{[/v1/getUserInfo],methods=[POST]}" onto public java.util.List<com.myng.model.User> com.myng.controller.UserManager.getUserInfo(javax.servlet.http.HttpServletRequest,com.myng.model.User)
2023-06-05 10:17:14.607 [main] INFO  o.springframework.web.servlet.mvc.method.annotation.RequestMappingHandlerMapping - Mapped "{[/v1/addUser],methods=[POST]}" onto public boolean com.myng.controller.UserManager.addUser(javax.servlet.http.HttpServletRequest,com.myng.model.User)
2023-06-05 10:17:14.607 [main] INFO  o.springframework.web.servlet.mvc.method.annotation.RequestMappingHandlerMapping - Mapped "{[/v1/login],methods=[POST]}" onto public java.lang.Boolean com.myng.controller.UserManager.login(javax.servlet.http.HttpServletResponse,com.myng.model.User)
2023-06-05 10:17:14.608 [main] INFO  o.springframework.web.servlet.mvc.method.annotation.RequestMappingHandlerMapping - Mapped "{[/v1/updateUserInfo],methods=[POST]}" onto public int com.myng.controller.UserManager.updateUser(javax.servlet.http.HttpServletRequest,com.myng.model.User)
2023-06-05 10:17:14.608 [main] INFO  o.springframework.web.servlet.mvc.method.annotation.RequestMappingHandlerMapping - Mapped "{[/v2/api-docs],methods=[GET],produces=[application/json || application/hal+json]}" onto public org.springframework.http.ResponseEntity<springfox.documentation.spring.web.json.Json> springfox.documentation.swagger2.web.Swagger2Controller.getDocumentation(java.lang.String,javax.servlet.http.HttpServletRequest)
2023-06-05 10:17:14.610 [main] INFO  o.springframework.web.servlet.mvc.method.annotation.RequestMappingHandlerMapping - Mapped "{[/swagger-resources/configuration/ui]}" onto org.springframework.http.ResponseEntity<springfox.documentation.swagger.web.UiConfiguration> springfox.documentation.swagger.web.ApiResourceController.uiConfiguration()
2023-06-05 10:17:14.611 [main] INFO  o.springframework.web.servlet.mvc.method.annotation.RequestMappingHandlerMapping - Mapped "{[/swagger-resources]}" onto org.springframework.http.ResponseEntity<java.util.List<springfox.documentation.swagger.web.SwaggerResource>> springfox.documentation.swagger.web.ApiResourceController.swaggerResources()
2023-06-05 10:17:14.611 [main] INFO  o.springframework.web.servlet.mvc.method.annotation.RequestMappingHandlerMapping - Mapped "{[/swagger-resources/configuration/security]}" onto org.springframework.http.ResponseEntity<springfox.documentation.swagger.web.SecurityConfiguration> springfox.documentation.swagger.web.ApiResourceController.securityConfiguration()
2023-06-05 10:17:14.613 [main] INFO  o.springframework.web.servlet.mvc.method.annotation.RequestMappingHandlerMapping - Mapped "{[/error]}" onto public org.springframework.http.ResponseEntity<java.util.Map<java.lang.String, java.lang.Object>> org.springframework.boot.autoconfigure.web.BasicErrorController.error(javax.servlet.http.HttpServletRequest)
2023-06-05 10:17:14.614 [main] INFO  o.springframework.web.servlet.mvc.method.annotation.RequestMappingHandlerMapping - Mapped "{[/error],produces=[text/html]}" onto public org.springframework.web.servlet.ModelAndView org.springframework.boot.autoconfigure.web.BasicErrorController.errorHtml(javax.servlet.http.HttpServletRequest,javax.servlet.http.HttpServletResponse)
2023-06-05 10:17:14.751 [main] INFO  o.springframework.web.servlet.mvc.method.annotation.RequestMappingHandlerAdapter - Looking for @ControllerAdvice: org.springframework.boot.context.embedded.AnnotationConfigEmbeddedWebApplicationContext@223d2c72: startup date [Mon Jun 05 10:17:12 CST 2023]; root of context hierarchy
2023-06-05 10:17:14.787 [main] INFO  org.springframework.web.servlet.handler.SimpleUrlHandlerMapping - Mapped URL path [/webjars/**] onto handler of type [class org.springframework.web.servlet.resource.ResourceHttpRequestHandler]
2023-06-05 10:17:14.787 [main] INFO  org.springframework.web.servlet.handler.SimpleUrlHandlerMapping - Mapped URL path [/**] onto handler of type [class org.springframework.web.servlet.resource.ResourceHttpRequestHandler]
2023-06-05 10:17:14.811 [main] INFO  org.springframework.web.servlet.handler.SimpleUrlHandlerMapping - Mapped URL path [/**/favicon.ico] onto handler of type [class org.springframework.web.servlet.resource.ResourceHttpRequestHandler]
2023-06-05 10:17:15.026 [main] INFO  org.springframework.jmx.export.annotation.AnnotationMBeanExporter - Registering beans for JMX exposure on startup
2023-06-05 10:17:15.032 [main] INFO  org.springframework.context.support.DefaultLifecycleProcessor - Starting beans in phase 2147483647
2023-06-05 10:17:15.033 [main] INFO  springfox.documentation.spring.web.plugins.DocumentationPluginsBootstrapper - Context refreshed
2023-06-05 10:17:15.047 [main] INFO  springfox.documentation.spring.web.plugins.DocumentationPluginsBootstrapper - Found 1 custom documentation plugin(s)
2023-06-05 10:17:15.059 [main] INFO  springfox.documentation.spring.web.scanners.ApiListingReferenceScanner - Scanning for api listing references
2023-06-05 10:17:15.307 [main] INFO  org.springframework.boot.context.embedded.tomcat.TomcatEmbeddedServletContainer - Tomcat started on port(s): 8894 (http)
2023-06-05 10:17:15.312 [main] INFO  com.myng.Application - Started Application in 3.312 seconds (JVM running for 4.873)
2023-06-05 10:17:44.896 [http-nio-8894-exec-2] INFO  org.apache.catalina.core.ContainerBase.[Tomcat].[localhost].[/] - Initializing Spring FrameworkServlet 'dispatcherServlet'
2023-06-05 10:17:44.896 [http-nio-8894-exec-2] INFO  org.springframework.web.servlet.DispatcherServlet - FrameworkServlet 'dispatcherServlet': initialization started
2023-06-05 10:17:44.919 [http-nio-8894-exec-2] INFO  org.springframework.web.servlet.DispatcherServlet - FrameworkServlet 'dispatcherServlet': initialization completed in 23 ms
2023-06-05 10:17:45.705 [http-nio-8894-exec-2] INFO  com.myng.controller.UserManager - 查看到的结果是1
2023-06-05 10:17:45.767 [http-nio-8894-exec-1] INFO  com.myng.controller.UserManager - 查看到的结果是0
2023-06-05 10:17:45.808 [http-nio-8894-exec-3] INFO  com.myng.controller.UserManager - cookies验证通过
2023-06-05 10:17:45.904 [http-nio-8894-exec-3] INFO  com.myng.controller.UserManager - 添加用户的数量是:1
2023-06-05 10:17:47.968 [http-nio-8894-exec-6] INFO  com.myng.controller.UserManager - cookies验证通过
2023-06-05 10:17:47.987 [http-nio-8894-exec-6] INFO  com.myng.controller.UserManager - getUserInfo获取到的用户数量是1
2023-06-05 10:17:50.058 [http-nio-8894-exec-4] INFO  com.myng.controller.UserManager - cookies验证通过
2023-06-05 10:17:50.064 [http-nio-8894-exec-4] INFO  com.myng.controller.UserManager - 更新数据的条目数为:1
2023-06-05 10:17:53.116 [http-nio-8894-exec-5] INFO  com.myng.controller.UserManager - cookies验证通过
2023-06-05 10:17:53.118 [http-nio-8894-exec-5] INFO  com.myng.controller.UserManager - 更新数据的条目数为:1
2023-06-05 10:17:55.162 [http-nio-8894-exec-7] INFO  com.myng.controller.UserManager - cookies验证通过
2023-06-05 10:17:55.164 [http-nio-8894-exec-7] INFO  com.myng.controller.UserManager - getUserInfo获取到的用户数量是2
